<!DOCTYPE html>
<html>
<head>
<meta http-equiv="Content-Type" content="text/html; charset=utf-8"/>
<meta http-equiv="x-ua-compatible" content="IE=edge"/>
<title>Test results - Class AppTestRunner.ExperiBankTestRunner</title>
<link href="../css/base-style.css" rel="stylesheet" type="text/css"/>
<link href="../css/style.css" rel="stylesheet" type="text/css"/>
<script src="../js/report.js" type="text/javascript"></script>
</head>
<body>
<div id="content">
<h1>Class AppTestRunner.ExperiBankTestRunner</h1>
<div class="breadcrumbs">
<a href="../index.html">all</a> &gt; 
<a href="../packages/AppTestRunner.html">AppTestRunner</a> &gt; ExperiBankTestRunner</div>
<div id="summary">
<table>
<tr>
<td>
<div class="summaryGroup">
<table>
<tr>
<td>
<div class="infoBox" id="tests">
<div class="counter">4</div>
<p>tests</p>
</div>
</td>
<td>
<div class="infoBox" id="failures">
<div class="counter">4</div>
<p>failures</p>
</div>
</td>
<td>
<div class="infoBox" id="ignored">
<div class="counter">0</div>
<p>ignored</p>
</div>
</td>
<td>
<div class="infoBox" id="duration">
<div class="counter">34.771s</div>
<p>duration</p>
</div>
</td>
</tr>
</table>
</div>
</td>
<td>
<div class="infoBox failures" id="successRate">
<div class="percent">0%</div>
<p>successful</p>
</div>
</td>
</tr>
</table>
</div>
<div id="tabs">
<ul class="tabLinks">
<li>
<a href="#tab0">Failed tests</a>
</li>
<li>
<a href="#tab1">Tests</a>
</li>
<li>
<a href="#tab2">Standard output</a>
</li>
<li>
<a href="#tab3">Standard error</a>
</li>
</ul>
<div id="tab0" class="tab">
<h2>Failed tests</h2>
<div class="test">
<a name="runScenario[0](&quot;user login&quot;, &quot;Optional[AppTest]&quot;)"></a>
<h3 class="failures">runScenario[0](&quot;user login&quot;, &quot;Optional[AppTest]&quot;)</h3>
<span class="code">
<pre>org.openqa.selenium.SessionNotCreatedException: Could not start a new session. Response code 500. Message: An unknown server-side error occurred while processing the command. Original error: The instrumentation process cannot be initialized. Make sure the application under test does not crash and investigate the logcat output. 
Host info: host: 'ASIF', ip: '192.168.0.103'
Build info: version: '4.7.0', revision: '0a5b49d16f'
System info: os.name: 'Windows 10', os.arch: 'amd64', os.version: '10.0', java.version: '1.8.0_202'
Driver info: io.appium.java_client.android.AndroidDriver
Command: [null, newSession {capabilities=[{appium:appActivity=.LoginActivity, appium:appPackage=com.experitest.ExperiBank, appium:deviceName=adb:SM-J700H, platformName=ANDROID, appium:platformVersion=6.0, appium:udid=3300a9bf997622c3}], desiredCapabilities=Capabilities {appActivity: .LoginActivity, appPackage: com.experitest.ExperiBank, deviceName: adb:SM-J700H, platformName: ANDROID, platformVersion: 6.0, udid: 3300a9bf997622c3}}]
Capabilities {}
	at org.openqa.selenium.remote.ProtocolHandshake.createSession(ProtocolHandshake.java:148)
	at sun.reflect.NativeMethodAccessorImpl.invoke0(Native Method)
	at sun.reflect.NativeMethodAccessorImpl.invoke(NativeMethodAccessorImpl.java:62)
	at sun.reflect.DelegatingMethodAccessorImpl.invoke(DelegatingMethodAccessorImpl.java:43)
	at java.lang.reflect.Method.invoke(Method.java:498)
	at io.appium.java_client.remote.AppiumProtocolHandshake.createSession(AppiumProtocolHandshake.java:133)
	at io.appium.java_client.remote.AppiumProtocolHandshake.createSession(AppiumProtocolHandshake.java:102)
	at io.appium.java_client.remote.AppiumCommandExecutor.createSession(AppiumCommandExecutor.java:194)
	at io.appium.java_client.remote.AppiumCommandExecutor.execute(AppiumCommandExecutor.java:262)
	at org.openqa.selenium.remote.RemoteWebDriver.execute(RemoteWebDriver.java:541)
	at io.appium.java_client.AppiumDriver.startSession(AppiumDriver.java:229)
	at org.openqa.selenium.remote.RemoteWebDriver.&lt;init&gt;(RemoteWebDriver.java:157)
	at io.appium.java_client.AppiumDriver.&lt;init&gt;(AppiumDriver.java:80)
	at io.appium.java_client.AppiumDriver.&lt;init&gt;(AppiumDriver.java:92)
	at io.appium.java_client.android.AndroidDriver.&lt;init&gt;(AndroidDriver.java:117)
	at Core.Helper.apkLaunch(Helper.java:26)
	at AppStepDefinition.EB1LoginStepDefs.appApkIsThere(EB1LoginStepDefs.java:18)
	at ✽.app apk is there(file:///D:/Apps/Programming%20Language/Selenium/E2EAutomation/PhoneAppAutomationCucumber/src/test/resources/Features/EB1Login.feature:5)
</pre>
</span>
</div>
<div class="test">
<a name="runScenario[1](&quot;&quot;, &quot;Optional.empty&quot;)"></a>
<h3 class="failures">runScenario[1](&quot;&quot;, &quot;Optional.empty&quot;)</h3>
<span class="code">
<pre>java.lang.NullPointerException
	at POM.AppElements.makePaymentTab(AppElements.java:50)
	at AppStepDefinition.EB2MakePaymentStepDefs.userClicksOnThrMakePaymentTab(EB2MakePaymentStepDefs.java:18)
	at ✽.user clicks on thr make payment tab(file:///D:/Apps/Programming%20Language/Selenium/E2EAutomation/PhoneAppAutomationCucumber/src/test/resources/Features/EB2MakePayment.feature:5)
</pre>
</span>
</div>
<div class="test">
<a name="runScenario[2](&quot;&quot;, &quot;Optional.empty&quot;)"></a>
<h3 class="failures">runScenario[2](&quot;&quot;, &quot;Optional.empty&quot;)</h3>
<span class="code">
<pre>java.lang.NullPointerException
	at POM.AppElements.mortgageRequest(AppElements.java:91)
	at AppStepDefinition.EB3MortgageRequestStepDefs.userClicksOnTheMortgageRequestTab(EB3MortgageRequestStepDefs.java:18)
	at ✽.user clicks on the mortgage request tab(file:///D:/Apps/Programming%20Language/Selenium/E2EAutomation/PhoneAppAutomationCucumber/src/test/resources/Features/EB3MortgageRequest.feature:4)
</pre>
</span>
</div>
<div class="test">
<a name="runScenario[3](&quot;&quot;, &quot;Optional.empty&quot;)"></a>
<h3 class="failures">runScenario[3](&quot;&quot;, &quot;Optional.empty&quot;)</h3>
<span class="code">
<pre>java.lang.NullPointerException
	at POM.AppElements.expenseReport(AppElements.java:154)
	at AppStepDefinition.EB4ExpenseReportStepDefs.userTapsOnTheExpenseReportButton(EB4ExpenseReportStepDefs.java:17)
	at ✽.user taps on the expense report button(file:///D:/Apps/Programming%20Language/Selenium/E2EAutomation/PhoneAppAutomationCucumber/src/test/resources/Features/EB4ExpenseReport.feature:4)
</pre>
</span>
</div>
</div>
<div id="tab1" class="tab">
<h2>Tests</h2>
<table>
<thead>
<tr>
<th>Test</th>
<th>Duration</th>
<th>Result</th>
</tr>
</thead>
<tr>
<td class="failures">runScenario[0](&quot;user login&quot;, &quot;Optional[AppTest]&quot;)</td>
<td class="failures">33.226s</td>
<td class="failures">failed</td>
</tr>
<tr>
<td class="failures">runScenario[1](&quot;&quot;, &quot;Optional.empty&quot;)</td>
<td class="failures">0.010s</td>
<td class="failures">failed</td>
</tr>
<tr>
<td class="failures">runScenario[2](&quot;&quot;, &quot;Optional.empty&quot;)</td>
<td class="failures">1.529s</td>
<td class="failures">failed</td>
</tr>
<tr>
<td class="failures">runScenario[3](&quot;&quot;, &quot;Optional.empty&quot;)</td>
<td class="failures">0.006s</td>
<td class="failures">failed</td>
</tr>
</table>
</div>
<div id="tab2" class="tab">
<h2>Standard output</h2>
<span class="code">
<pre>
@login
Scenario Outline: user login              # src/test/resources/Features/EB1Login.feature:11
  Given app apk is there                  # AppStepDefinition.EB1LoginStepDefs.appApkIsThere()
      org.openqa.selenium.SessionNotCreatedException: Could not start a new session. Response code 500. Message: An unknown server-side error occurred while processing the command. Original error: The instrumentation process cannot be initialized. Make sure the application under test does not crash and investigate the logcat output. 
Host info: host: 'ASIF', ip: '192.168.0.103'
Build info: version: '4.7.0', revision: '0a5b49d16f'
System info: os.name: 'Windows 10', os.arch: 'amd64', os.version: '10.0', java.version: '1.8.0_202'
Driver info: io.appium.java_client.android.AndroidDriver
Command: [null, newSession {capabilities=[{appium:appActivity=.LoginActivity, appium:appPackage=com.experitest.ExperiBank, appium:deviceName=adb:SM-J700H, platformName=ANDROID, appium:platformVersion=6.0, appium:udid=3300a9bf997622c3}], desiredCapabilities=Capabilities {appActivity: .LoginActivity, appPackage: com.experitest.ExperiBank, deviceName: adb:SM-J700H, platformName: ANDROID, platformVersion: 6.0, udid: 3300a9bf997622c3}}]
Capabilities {}
	at org.openqa.selenium.remote.ProtocolHandshake.createSession(ProtocolHandshake.java:148)
	at sun.reflect.NativeMethodAccessorImpl.invoke0(Native Method)
	at sun.reflect.NativeMethodAccessorImpl.invoke(NativeMethodAccessorImpl.java:62)
	at sun.reflect.DelegatingMethodAccessorImpl.invoke(DelegatingMethodAccessorImpl.java:43)
	at java.lang.reflect.Method.invoke(Method.java:498)
	at io.appium.java_client.remote.AppiumProtocolHandshake.createSession(AppiumProtocolHandshake.java:133)
	at io.appium.java_client.remote.AppiumProtocolHandshake.createSession(AppiumProtocolHandshake.java:102)
	at io.appium.java_client.remote.AppiumCommandExecutor.createSession(AppiumCommandExecutor.java:194)
	at io.appium.java_client.remote.AppiumCommandExecutor.execute(AppiumCommandExecutor.java:262)
	at org.openqa.selenium.remote.RemoteWebDriver.execute(RemoteWebDriver.java:541)
	at io.appium.java_client.AppiumDriver.startSession(AppiumDriver.java:229)
	at org.openqa.selenium.remote.RemoteWebDriver.&lt;init&gt;(RemoteWebDriver.java:157)
	at io.appium.java_client.AppiumDriver.&lt;init&gt;(AppiumDriver.java:80)
	at io.appium.java_client.AppiumDriver.&lt;init&gt;(AppiumDriver.java:92)
	at io.appium.java_client.android.AndroidDriver.&lt;init&gt;(AndroidDriver.java:117)
	at Core.Helper.apkLaunch(Helper.java:26)
	at AppStepDefinition.EB1LoginStepDefs.appApkIsThere(EB1LoginStepDefs.java:18)
	at âœ½.app apk is there(file:///D:/Apps/Programming%20Language/Selenium/E2EAutomation/PhoneAppAutomationCucumber/src/test/resources/Features/EB1Login.feature:5)

  When user enters 'company'and 'company' # AppStepDefinition.EB1LoginStepDefs.userEntersUsernameAndPass(java.lang.String,java.lang.String)
  Then user will navigate to home screen  # AppStepDefinition.EB1LoginStepDefs.userWillNavigateToHomeScreen()

@makePayment
Scenario Outline:                                              # src/test/resources/Features/EB2MakePayment.feature:12
  Given user clicks on thr make payment tab                    # AppStepDefinition.EB2MakePaymentStepDefs.userClicksOnThrMakePaymentTab()
      java.lang.NullPointerException
	at POM.AppElements.makePaymentTab(AppElements.java:50)
	at AppStepDefinition.EB2MakePaymentStepDefs.userClicksOnThrMakePaymentTab(EB2MakePaymentStepDefs.java:18)
	at âœ½.user clicks on thr make payment tab(file:///D:/Apps/Programming%20Language/Selenium/E2EAutomation/PhoneAppAutomationCucumber/src/test/resources/Features/EB2MakePayment.feature:5)

  When user inserts '12345' and 'john' and '100'               # AppStepDefinition.EB2MakePaymentStepDefs.userInsertsPhoneAndNameAndAmount(java.lang.String,java.lang.String,java.lang.String)
  And user selects country                                     # AppStepDefinition.EB2MakePaymentStepDefs.userSelectsCountry()
  And user clicks on send payment button                       # AppStepDefinition.EB2MakePaymentStepDefs.userClicksOnSendPaymentButton()
  Then user closes the alert selecting ok and confirms payment # AppStepDefinition.EB2MakePaymentStepDefs.userClosesTheAlertSelectingOkAndConfirmsPayment()

@mortgageRequest
Scenario Outline:                                         # src/test/resources/Features/EB3MortgageRequest.feature:16
  Given user clicks on the mortgage request tab           # AppStepDefinition.EB3MortgageRequestStepDefs.userClicksOnTheMortgageRequestTab()
      java.lang.NullPointerException
	at POM.AppElements.mortgageRequest(AppElements.java:91)
	at AppStepDefinition.EB3MortgageRequestStepDefs.userClicksOnTheMortgageRequestTab(EB3MortgageRequestStepDefs.java:18)
	at âœ½.user clicks on the mortgage request tab(file:///D:/Apps/Programming%20Language/Selenium/E2EAutomation/PhoneAppAutomationCucumber/src/test/resources/Features/EB3MortgageRequest.feature:4)

  When user inserts 'john' and 'test'                     # AppStepDefinition.EB3MortgageRequestStepDefs.userInsertsFirstNameAndLastName(java.lang.String,java.lang.String)
  And user selects '30' and 'road 19' and 'Banani'        # AppStepDefinition.EB3MortgageRequestStepDefs.userSelectsAgeAndAddressAndAddress(java.lang.String,java.lang.String,java.lang.String)
  And selects country for mortgage                        # AppStepDefinition.EB3MortgageRequestStepDefs.selectsCountryForMortgage()
  And press next button                                   # AppStepDefinition.EB3MortgageRequestStepDefs.pressNextButton()
  And selects type of loan from dropdown                  # AppStepDefinition.EB3MortgageRequestStepDefs.selectsTypeOfLoanFromDropdown()
  And selects number of years from dropdown               # AppStepDefinition.EB3MortgageRequestStepDefs.selectsNumberOfYearsFromDropdown()
  And selects type of occupation from dropdown            # AppStepDefinition.EB3MortgageRequestStepDefs.selectsTypeOfOccupationFromDropdown()
  And selects yearly income from dropdown                 # AppStepDefinition.EB3MortgageRequestStepDefs.selectsYearlyIncomeFromDropdown()
  Then closes mortgage payment by clicking on save button # AppStepDefinition.EB3MortgageRequestStepDefs.closesMortgagePaymentByClickingOnSaveButton()

@expenseReport
Scenario:                                            # src/test/resources/Features/EB4ExpenseReport.feature:3
  Given user taps on the expense report button       # AppStepDefinition.EB4ExpenseReportStepDefs.userTapsOnTheExpenseReportButton()
      java.lang.NullPointerException
	at POM.AppElements.expenseReport(AppElements.java:154)
	at AppStepDefinition.EB4ExpenseReportStepDefs.userTapsOnTheExpenseReportButton(EB4ExpenseReportStepDefs.java:17)
	at âœ½.user taps on the expense report button(file:///D:/Apps/Programming%20Language/Selenium/E2EAutomation/PhoneAppAutomationCucumber/src/test/resources/Features/EB4ExpenseReport.feature:4)

  When user adds two  expense report                 # AppStepDefinition.EB4ExpenseReportStepDefs.userAddsTwoExpenseReport()
  And removes one report                             # AppStepDefinition.EB4ExpenseReportStepDefs.removesOneReport()
  Then user goes back and logs out and quits the app # AppStepDefinition.EB4ExpenseReportStepDefs.userGoesBackAndLogsOutAndQuitsTheApp()
</pre>
</span>
</div>
<div id="tab3" class="tab">
<h2>Standard error</h2>
<span class="code">
<pre>SLF4J: No SLF4J providers were found.
SLF4J: Defaulting to no-operation (NOP) logger implementation
SLF4J: See https://www.slf4j.org/codes.html#noProviders for further details.
</pre>
</span>
</div>
</div>
<div id="footer">
<p>
<div>
<label class="hidden" id="label-for-line-wrapping-toggle" for="line-wrapping-toggle">Wrap lines
<input id="line-wrapping-toggle" type="checkbox" autocomplete="off"/>
</label>
</div>Generated by 
<a href="http://www.gradle.org">Gradle 7.5.1</a> at May 29, 2023 10:53:26 PM</p>
</div>
</div>
</body>
</html>
