<html>
<head>
<title>TestNG:  cucumber</title>
<link href="../testng.css" rel="stylesheet" type="text/css" />
<link href="../my-testng.css" rel="stylesheet" type="text/css" />

<style type="text/css">
.log { display: none;} 
.stack-trace { display: none;} 
</style>
<script type="text/javascript">
<!--
function flip(e) {
  current = e.style.display;
  if (current == 'block') {
    e.style.display = 'none';
    return 0;
  }
  else {
    e.style.display = 'block';
    return 1;
  }
}

function toggleBox(szDivId, elem, msg1, msg2)
{
  var res = -1;  if (document.getElementById) {
    res = flip(document.getElementById(szDivId));
  }
  else if (document.all) {
    // this is the way old msie versions work
    res = flip(document.all[szDivId]);
  }
  if(elem) {
    if(res == 0) elem.innerHTML = msg1; else elem.innerHTML = msg2;
  }

}

function toggleAllBoxes() {
  if (document.getElementsByTagName) {
    d = document.getElementsByTagName('div');
    for (i = 0; i < d.length; i++) {
      if (d[i].className == 'log') {
        flip(d[i]);
      }
    }
  }
}

// -->
</script>

</head>
<body>
<h2 align='center'>cucumber</h2><table border='1' align="center">
<tr>
<td>Tests passed/Failed/Skipped:</td><td>0/4/0</td>
</tr><tr>
<td>Started on:</td><td>Mon May 29 22:52:50 BDT 2023</td>
</tr>
<tr><td>Total time:</td><td>35 seconds (35353 ms)</td>
</tr><tr>
<td>Included groups:</td><td></td>
</tr><tr>
<td>Excluded groups:</td><td></td>
</tr>
</table><p/>
<small><i>(Hover the method name to see the test class name)</i></small><p/>
<table width='100%' border='1' class='invocation-failed'>
<tr><td colspan='4' align='center'><b>FAILED TESTS</b></td></tr>
<tr><td><b>Test method</b></td>
<td width="30%"><b>Exception</b></td>
<td width="10%"><b>Time (seconds)</b></td>
<td><b>Instance</b></td>
</tr>
<tr>
<td title='AppTestRunner.ExperiBankTestRunner.runScenario()'><b>runScenario</b><br>Test class: AppTestRunner.ExperiBankTestRunner<br>Test method: Runs Cucumber Scenarios<br>Parameters: "user login", "Optional[AppTest]"</td>
<td><div><pre>org.openqa.selenium.SessionNotCreatedException: Could not start a new session. Response code 500. Message: An unknown server-side error occurred while processing the command. Original error: The instrumentation process cannot be initialized. Make sure the application under test does not crash and investigate the logcat output. 
Host info: host: &apos;ASIF&apos;, ip: &apos;192.168.0.103&apos;
Build info: version: &apos;4.7.0&apos;, revision: &apos;0a5b49d16f&apos;
System info: os.name: &apos;Windows 10&apos;, os.arch: &apos;amd64&apos;, os.version: &apos;10.0&apos;, java.version: &apos;1.8.0_202&apos;
Driver info: io.appium.java_client.android.AndroidDriver
Command: [null, newSession {capabilities=[{appium:appActivity=.LoginActivity, appium:appPackage=com.experitest.ExperiBank, appium:deviceName=adb:SM-J700H, platformName=ANDROID, appium:platformVersion=6.0, appium:udid=3300a9bf997622c3}], desiredCapabilities=Capabilities {appActivity: .LoginActivity, appPackage: com.experitest.ExperiBank, deviceName: adb:SM-J700H, platformName: ANDROID, platformVersion: 6.0, udid: 3300a9bf997622c3}}]
Capabilities {}
	at org.openqa.selenium.remote.ProtocolHandshake.createSession(ProtocolHandshake.java:148)
	at io.appium.java_client.remote.AppiumProtocolHandshake.createSession(AppiumProtocolHandshake.java:133)
	at io.appium.java_client.remote.AppiumProtocolHandshake.createSession(AppiumProtocolHandshake.java:102)
	at io.appium.java_client.remote.AppiumCommandExecutor.createSession(AppiumCommandExecutor.java:194)
	at io.appium.java_client.remote.AppiumCommandExecutor.execute(AppiumCommandExecutor.java:262)
	at org.openqa.selenium.remote.RemoteWebDriver.execute(RemoteWebDriver.java:541)
	at io.appium.java_client.AppiumDriver.startSession(AppiumDriver.java:229)
	at org.openqa.selenium.remote.RemoteWebDriver.&lt;init&gt;(RemoteWebDriver.java:157)
	at io.appium.java_client.AppiumDriver.&lt;init&gt;(AppiumDriver.java:80)
	at io.appium.java_client.AppiumDriver.&lt;init&gt;(AppiumDriver.java:92)
	at io.appium.java_client.android.AndroidDriver.&lt;init&gt;(AndroidDriver.java:117)
	at Core.Helper.apkLaunch(Helper.java:26)
	at AppStepDefinition.EB1LoginStepDefs.appApkIsThere(EB1LoginStepDefs.java:18)
	at ?.app apk is there(file:///D:/Apps/Programming%20Language/Selenium/E2EAutomation/PhoneAppAutomationCucumber/src/test/resources/Features/EB1Login.feature:5)
... Removed 4 stack frames</pre></div><a href='#' onClick='toggleBox("stack-trace6422064", this, "Click to show all stack frames", "Click to hide stack frames")'>Click to show all stack frames</a>
<div class='stack-trace' id='stack-trace6422064'><pre>org.openqa.selenium.SessionNotCreatedException: Could not start a new session. Response code 500. Message: An unknown server-side error occurred while processing the command. Original error: The instrumentation process cannot be initialized. Make sure the application under test does not crash and investigate the logcat output. 
Host info: host: &apos;ASIF&apos;, ip: &apos;192.168.0.103&apos;
Build info: version: &apos;4.7.0&apos;, revision: &apos;0a5b49d16f&apos;
System info: os.name: &apos;Windows 10&apos;, os.arch: &apos;amd64&apos;, os.version: &apos;10.0&apos;, java.version: &apos;1.8.0_202&apos;
Driver info: io.appium.java_client.android.AndroidDriver
Command: [null, newSession {capabilities=[{appium:appActivity=.LoginActivity, appium:appPackage=com.experitest.ExperiBank, appium:deviceName=adb:SM-J700H, platformName=ANDROID, appium:platformVersion=6.0, appium:udid=3300a9bf997622c3}], desiredCapabilities=Capabilities {appActivity: .LoginActivity, appPackage: com.experitest.ExperiBank, deviceName: adb:SM-J700H, platformName: ANDROID, platformVersion: 6.0, udid: 3300a9bf997622c3}}]
Capabilities {}
	at org.openqa.selenium.remote.ProtocolHandshake.createSession(ProtocolHandshake.java:148)
	at sun.reflect.NativeMethodAccessorImpl.invoke0(Native Method)
	at sun.reflect.NativeMethodAccessorImpl.invoke(NativeMethodAccessorImpl.java:62)
	at sun.reflect.DelegatingMethodAccessorImpl.invoke(DelegatingMethodAccessorImpl.java:43)
	at java.lang.reflect.Method.invoke(Method.java:498)
	at io.appium.java_client.remote.AppiumProtocolHandshake.createSession(AppiumProtocolHandshake.java:133)
	at io.appium.java_client.remote.AppiumProtocolHandshake.createSession(AppiumProtocolHandshake.java:102)
	at io.appium.java_client.remote.AppiumCommandExecutor.createSession(AppiumCommandExecutor.java:194)
	at io.appium.java_client.remote.AppiumCommandExecutor.execute(AppiumCommandExecutor.java:262)
	at org.openqa.selenium.remote.RemoteWebDriver.execute(RemoteWebDriver.java:541)
	at io.appium.java_client.AppiumDriver.startSession(AppiumDriver.java:229)
	at org.openqa.selenium.remote.RemoteWebDriver.&lt;init&gt;(RemoteWebDriver.java:157)
	at io.appium.java_client.AppiumDriver.&lt;init&gt;(AppiumDriver.java:80)
	at io.appium.java_client.AppiumDriver.&lt;init&gt;(AppiumDriver.java:92)
	at io.appium.java_client.android.AndroidDriver.&lt;init&gt;(AndroidDriver.java:117)
	at Core.Helper.apkLaunch(Helper.java:26)
	at AppStepDefinition.EB1LoginStepDefs.appApkIsThere(EB1LoginStepDefs.java:18)
	at ?.app apk is there(file:///D:/Apps/Programming%20Language/Selenium/E2EAutomation/PhoneAppAutomationCucumber/src/test/resources/Features/EB1Login.feature:5)
</pre></div></td>
<td>33</td>
<td>AppTestRunner.ExperiBankTestRunner@192d43ce</td></tr>
<tr>
<td title='AppTestRunner.ExperiBankTestRunner.runScenario()'><b>runScenario</b><br>Test class: AppTestRunner.ExperiBankTestRunner<br>Test method: Runs Cucumber Scenarios<br>Parameters: "", "Optional.empty"</td>
<td><div><pre>java.lang.NullPointerException
	at POM.AppElements.makePaymentTab(AppElements.java:50)
	at AppStepDefinition.EB2MakePaymentStepDefs.userClicksOnThrMakePaymentTab(EB2MakePaymentStepDefs.java:18)
	at ?.user clicks on thr make payment tab(file:///D:/Apps/Programming%20Language/Selenium/E2EAutomation/PhoneAppAutomationCucumber/src/test/resources/Features/EB2MakePayment.feature:5)
</pre></div><a href='#' onClick='toggleBox("stack-trace1399398408", this, "Click to show all stack frames", "Click to hide stack frames")'>Click to show all stack frames</a>
<div class='stack-trace' id='stack-trace1399398408'><pre>java.lang.NullPointerException
	at POM.AppElements.makePaymentTab(AppElements.java:50)
	at AppStepDefinition.EB2MakePaymentStepDefs.userClicksOnThrMakePaymentTab(EB2MakePaymentStepDefs.java:18)
	at ?.user clicks on thr make payment tab(file:///D:/Apps/Programming%20Language/Selenium/E2EAutomation/PhoneAppAutomationCucumber/src/test/resources/Features/EB2MakePayment.feature:5)
</pre></div></td>
<td>0</td>
<td>AppTestRunner.ExperiBankTestRunner@192d43ce</td></tr>
<tr>
<td title='AppTestRunner.ExperiBankTestRunner.runScenario()'><b>runScenario</b><br>Test class: AppTestRunner.ExperiBankTestRunner<br>Test method: Runs Cucumber Scenarios<br>Parameters: "", "Optional.empty"</td>
<td><div><pre>java.lang.NullPointerException
	at POM.AppElements.mortgageRequest(AppElements.java:91)
	at AppStepDefinition.EB3MortgageRequestStepDefs.userClicksOnTheMortgageRequestTab(EB3MortgageRequestStepDefs.java:18)
	at ?.user clicks on the mortgage request tab(file:///D:/Apps/Programming%20Language/Selenium/E2EAutomation/PhoneAppAutomationCucumber/src/test/resources/Features/EB3MortgageRequest.feature:4)
</pre></div><a href='#' onClick='toggleBox("stack-trace142103421", this, "Click to show all stack frames", "Click to hide stack frames")'>Click to show all stack frames</a>
<div class='stack-trace' id='stack-trace142103421'><pre>java.lang.NullPointerException
	at POM.AppElements.mortgageRequest(AppElements.java:91)
	at AppStepDefinition.EB3MortgageRequestStepDefs.userClicksOnTheMortgageRequestTab(EB3MortgageRequestStepDefs.java:18)
	at ?.user clicks on the mortgage request tab(file:///D:/Apps/Programming%20Language/Selenium/E2EAutomation/PhoneAppAutomationCucumber/src/test/resources/Features/EB3MortgageRequest.feature:4)
</pre></div></td>
<td>1</td>
<td>AppTestRunner.ExperiBankTestRunner@192d43ce</td></tr>
<tr>
<td title='AppTestRunner.ExperiBankTestRunner.runScenario()'><b>runScenario</b><br>Test class: AppTestRunner.ExperiBankTestRunner<br>Test method: Runs Cucumber Scenarios<br>Parameters: "", "Optional.empty"</td>
<td><div><pre>java.lang.NullPointerException
	at POM.AppElements.expenseReport(AppElements.java:154)
	at AppStepDefinition.EB4ExpenseReportStepDefs.userTapsOnTheExpenseReportButton(EB4ExpenseReportStepDefs.java:17)
	at ?.user taps on the expense report button(file:///D:/Apps/Programming%20Language/Selenium/E2EAutomation/PhoneAppAutomationCucumber/src/test/resources/Features/EB4ExpenseReport.feature:4)
</pre></div><a href='#' onClick='toggleBox("stack-trace1654589039", this, "Click to show all stack frames", "Click to hide stack frames")'>Click to show all stack frames</a>
<div class='stack-trace' id='stack-trace1654589039'><pre>java.lang.NullPointerException
	at POM.AppElements.expenseReport(AppElements.java:154)
	at AppStepDefinition.EB4ExpenseReportStepDefs.userTapsOnTheExpenseReportButton(EB4ExpenseReportStepDefs.java:17)
	at ?.user taps on the expense report button(file:///D:/Apps/Programming%20Language/Selenium/E2EAutomation/PhoneAppAutomationCucumber/src/test/resources/Features/EB4ExpenseReport.feature:4)
</pre></div></td>
<td>0</td>
<td>AppTestRunner.ExperiBankTestRunner@192d43ce</td></tr>
</table><p>
</body>
</html>