<?xml version="1.0" encoding="UTF-8"?>
<!-- Generated by org.testng.reporters.JUnitXMLReporter -->
<testsuite hostname="AsiF" ignored="0" name="cucumber" tests="4" failures="4" timestamp="2023-05-29T22:53:25 BDT" time="35.353" errors="0">
  <testcase name="runScenario" time="33.226" classname="io.cucumber.testng.AbstractTestNGCucumberTests">
    <failure type="org.openqa.selenium.SessionNotCreatedException" message="Could not start a new session. Response code 500. Message: An unknown server-side error occurred while processing the command. Original error: The instrumentation process cannot be initialized. Make sure the application under test does not crash and investigate the logcat output. 
Host info: host: &amp;apos;ASIF&amp;apos;, ip: &amp;apos;192.168.0.103&amp;apos;
Build info: version: &amp;apos;4.7.0&amp;apos;, revision: &amp;apos;0a5b49d16f&amp;apos;
System info: os.name: &amp;apos;Windows 10&amp;apos;, os.arch: &amp;apos;amd64&amp;apos;, os.version: &amp;apos;10.0&amp;apos;, java.version: &amp;apos;1.8.0_202&amp;apos;
Driver info: io.appium.java_client.android.AndroidDriver
Command: [null, newSession {capabilities=[{appium:appActivity=.LoginActivity, appium:appPackage=com.experitest.ExperiBank, appium:deviceName=adb:SM-J700H, platformName=ANDROID, appium:platformVersion=6.0, appium:udid=3300a9bf997622c3}], desiredCapabilities=Capabilities {appActivity: .LoginActivity, appPackage: com.experitest.ExperiBank, deviceName: adb:SM-J700H, platformName: ANDROID, platformVersion: 6.0, udid: 3300a9bf997622c3}}]
Capabilities {}">
      <![CDATA[org.openqa.selenium.SessionNotCreatedException: Could not start a new session. Response code 500. Message: An unknown server-side error occurred while processing the command. Original error: The instrumentation process cannot be initialized. Make sure the application under test does not crash and investigate the logcat output. 
Host info: host: 'ASIF', ip: '192.168.0.103'
Build info: version: '4.7.0', revision: '0a5b49d16f'
System info: os.name: 'Windows 10', os.arch: 'amd64', os.version: '10.0', java.version: '1.8.0_202'
Driver info: io.appium.java_client.android.AndroidDriver
Command: [null, newSession {capabilities=[{appium:appActivity=.LoginActivity, appium:appPackage=com.experitest.ExperiBank, appium:deviceName=adb:SM-J700H, platformName=ANDROID, appium:platformVersion=6.0, appium:udid=3300a9bf997622c3}], desiredCapabilities=Capabilities {appActivity: .LoginActivity, appPackage: com.experitest.ExperiBank, deviceName: adb:SM-J700H, platformName: ANDROID, platformVersion: 6.0, udid: 3300a9bf997622c3}}]
Capabilities {}
at org.openqa.selenium.remote.ProtocolHandshake.createSession(ProtocolHandshake.java:148)
at io.appium.java_client.remote.AppiumProtocolHandshake.createSession(AppiumProtocolHandshake.java:133)
at io.appium.java_client.remote.AppiumProtocolHandshake.createSession(AppiumProtocolHandshake.java:102)
at io.appium.java_client.remote.AppiumCommandExecutor.createSession(AppiumCommandExecutor.java:194)
at io.appium.java_client.remote.AppiumCommandExecutor.execute(AppiumCommandExecutor.java:262)
at org.openqa.selenium.remote.RemoteWebDriver.execute(RemoteWebDriver.java:541)
at io.appium.java_client.AppiumDriver.startSession(AppiumDriver.java:229)
at org.openqa.selenium.remote.RemoteWebDriver.<init>(RemoteWebDriver.java:157)
at io.appium.java_client.AppiumDriver.<init>(AppiumDriver.java:80)
at io.appium.java_client.AppiumDriver.<init>(AppiumDriver.java:92)
at io.appium.java_client.android.AndroidDriver.<init>(AndroidDriver.java:117)
at Core.Helper.apkLaunch(Helper.java:26)
at AppStepDefinition.EB1LoginStepDefs.appApkIsThere(EB1LoginStepDefs.java:18)
at ✽.app apk is there(file:///D:/Apps/Programming%20Language/Selenium/E2EAutomation/PhoneAppAutomationCucumber/src/test/resources/Features/EB1Login.feature:5)
... Removed 4 stack frames]]>
    </failure>
  </testcase> <!-- runScenario -->
  <testcase name="runScenario" time="0.01" classname="io.cucumber.testng.AbstractTestNGCucumberTests">
    <failure type="java.lang.NullPointerException">
      <![CDATA[java.lang.NullPointerException
at POM.AppElements.makePaymentTab(AppElements.java:50)
at AppStepDefinition.EB2MakePaymentStepDefs.userClicksOnThrMakePaymentTab(EB2MakePaymentStepDefs.java:18)
at ✽.user clicks on thr make payment tab(file:///D:/Apps/Programming%20Language/Selenium/E2EAutomation/PhoneAppAutomationCucumber/src/test/resources/Features/EB2MakePayment.feature:5)
]]>
    </failure>
  </testcase> <!-- runScenario -->
  <testcase name="runScenario" time="1.529" classname="io.cucumber.testng.AbstractTestNGCucumberTests">
    <failure type="java.lang.NullPointerException">
      <![CDATA[java.lang.NullPointerException
at POM.AppElements.mortgageRequest(AppElements.java:91)
at AppStepDefinition.EB3MortgageRequestStepDefs.userClicksOnTheMortgageRequestTab(EB3MortgageRequestStepDefs.java:18)
at ✽.user clicks on the mortgage request tab(file:///D:/Apps/Programming%20Language/Selenium/E2EAutomation/PhoneAppAutomationCucumber/src/test/resources/Features/EB3MortgageRequest.feature:4)
]]>
    </failure>
  </testcase> <!-- runScenario -->
  <testcase name="runScenario" time="0.006" classname="io.cucumber.testng.AbstractTestNGCucumberTests">
    <failure type="java.lang.NullPointerException">
      <![CDATA[java.lang.NullPointerException
at POM.AppElements.expenseReport(AppElements.java:154)
at AppStepDefinition.EB4ExpenseReportStepDefs.userTapsOnTheExpenseReportButton(EB4ExpenseReportStepDefs.java:17)
at ✽.user taps on the expense report button(file:///D:/Apps/Programming%20Language/Selenium/E2EAutomation/PhoneAppAutomationCucumber/src/test/resources/Features/EB4ExpenseReport.feature:4)
]]>
    </failure>
  </testcase> <!-- runScenario -->
</testsuite> <!-- cucumber -->
